[ 2018-01-26T09:16:42+08:00 ] 127.0.0.1 /
INFO: [ app_init ] --START--
INFO: Run Behavior\BuildLiteBehavior [ RunTime:0.000492s ]
INFO: [ app_init ] --END-- [ RunTime:0.019711s ]
INFO: [ app_begin ] --START--
INFO: Run Behavior\ReadHtmlCacheBehavior [ RunTime:0.010372s ]
INFO: [ app_begin ] --END-- [ RunTime:0.013621s ]
SQL: SELECT * FROM xk_user WHERE code='1' or mobile='1' and type in(1,2,3) limit 1 [ RunTime:0.0412s ]
NOTIC: [8] Undefined offset: 0 D:\project\yun_xk\Application\Home\Controller\BaseController.class.php 第 70 行.

[ 2018-01-26T09:16:46+08:00 ] 127.0.0.1 /favicon.ico
INFO: [ app_init ] --START--
INFO: Run Behavior\BuildLiteBehavior [ RunTime:0.000490s ]
INFO: [ app_init ] --END-- [ RunTime:0.004327s ]

[ 2018-01-26T09:39:52+08:00 ] 127.0.0.1 /login/index.html
INFO: [ app_init ] --START--
INFO: Run Behavior\BuildLiteBehavior [ RunTime:0.000489s ]
INFO: [ app_init ] --END-- [ RunTime:0.004066s ]
INFO: [ app_begin ] --START--
INFO: Run Behavior\ReadHtmlCacheBehavior [ RunTime:0.002236s ]
INFO: [ app_begin ] --END-- [ RunTime:0.004921s ]
INFO: [ view_parse ] --START--
INFO: [ template_filter ] --START--
INFO: Run Behavior\ContentReplaceBehavior [ RunTime:0.001891s ]
INFO: [ template_filter ] --END-- [ RunTime:0.004611s ]
INFO: Run Behavior\ParseTemplateBehavior [ RunTime:0.078961s ]
INFO: [ view_parse ] --END-- [ RunTime:0.081694s ]
INFO: [ view_filter ] --START--
INFO: Run Behavior\WriteHtmlCacheBehavior [ RunTime:0.002127s ]
INFO: [ view_filter ] --END-- [ RunTime:0.005145s ]
INFO: [ app_end ] --START--
INFO: Run Behavior\ShowPageTraceBehavior [ RunTime:0.002314s ]
INFO: [ app_end ] --END-- [ RunTime:0.005051s ]

[ 2018-01-26T09:40:09+08:00 ] 127.0.0.1 /login/check.html
INFO: [ app_init ] --START--
INFO: Run Behavior\BuildLiteBehavior [ RunTime:0.000607s ]
INFO: [ app_init ] --END-- [ RunTime:0.004458s ]
INFO: [ app_begin ] --START--
INFO: Run Behavior\ReadHtmlCacheBehavior [ RunTime:0.002046s ]
INFO: [ app_begin ] --END-- [ RunTime:0.004274s ]
SQL: SELECT * FROM xk_user WHERE code='admin' or mobile='admin' limit 1 [ RunTime:0.0008s ]
NOTIC: [8] Undefined index: type D:\project\yun_xk\Application\Home\Controller\LoginController.class.php 第 75 行.

[ 2018-01-26T16:15:01+08:00 ] 127.0.0.1 /index/index
INFO: [ app_init ] --START--
INFO: Run Behavior\BuildLiteBehavior [ RunTime:0.000479s ]
INFO: [ app_init ] --END-- [ RunTime:0.003804s ]
INFO: [ app_begin ] --START--
INFO: Run Behavior\ReadHtmlCacheBehavior [ RunTime:0.002340s ]
INFO: [ app_begin ] --END-- [ RunTime:0.005953s ]
SQL: SELECT * FROM xk_user WHERE code='1' or mobile='1' and type in(1,2,3) limit 1 [ RunTime:0.0349s ]
NOTIC: [8] Undefined offset: 0 D:\project\yun_xk\Application\Home\Controller\BaseController.class.php 第 70 行.

[ 2018-01-26T16:15:14+08:00 ] 127.0.0.1 /index/index
INFO: [ app_init ] --START--
INFO: Run Behavior\BuildLiteBehavior [ RunTime:0.000498s ]
INFO: [ app_init ] --END-- [ RunTime:0.005025s ]
INFO: [ app_begin ] --START--
INFO: Run Behavior\ReadHtmlCacheBehavior [ RunTime:0.007496s ]
INFO: [ app_begin ] --END-- [ RunTime:0.012695s ]
SQL: SELECT * FROM xk_user WHERE code='1' or mobile='1' and type in(1,2,3) limit 1 [ RunTime:0.0011s ]
NOTIC: [8] Undefined offset: 0 D:\project\yun_xk\Application\Home\Controller\BaseController.class.php 第 70 行.

