[ 2018-01-25T11:52:36+08:00 ] 127.0.0.1 /Account/CstSign/index
INFO: [ app_init ] --START--
INFO: Run Behavior\BuildLiteBehavior [ RunTime:0.000543s ]
INFO: [ app_init ] --END-- [ RunTime:0.004328s ]
INFO: [ app_begin ] --START--
INFO: Run Behavior\ReadHtmlCacheBehavior [ RunTime:0.002377s ]
INFO: [ app_begin ] --END-- [ RunTime:0.006730s ]
ERR: SQLSTATE[HY000] [1045] Access denied for user 'root'@'localhost' (using password: YES)

[ 2018-01-25T11:53:29+08:00 ] 127.0.0.1 /Account/CstSign/index
INFO: [ app_init ] --START--
INFO: Run Behavior\BuildLiteBehavior [ RunTime:0.000938s ]
INFO: [ app_init ] --END-- [ RunTime:0.005171s ]
INFO: [ app_begin ] --START--
INFO: Run Behavior\ReadHtmlCacheBehavior [ RunTime:0.002200s ]
INFO: [ app_begin ] --END-- [ RunTime:0.005917s ]
SQL: SHOW COLUMNS FROM `xk_user` [ RunTime:0.3790s ]
SQL: SELECT * FROM `xk_user` WHERE `id` = 1 AND (  9933=9933 ) ORDER BY id DESC LIMIT 1   [ RunTime:0.0594s ]
SQL: SHOW COLUMNS FROM `xk_user` [ RunTime:0.0076s ]
SQL: SELECT `is_all` FROM `xk_user` WHERE ( id=1 ) LIMIT 1   [ RunTime:0.0010s ]
SQL: SHOW COLUMNS FROM `xk_fun` [ RunTime:0.0198s ]
SQL: SELECT * FROM `xk_fun` WHERE ( is_fun=1 ) ORDER BY px ASC  [ RunTime:0.0330s ]
SQL: SHOW COLUMNS FROM `xk_user` [ RunTime:0.0079s ]
SQL: SELECT `is_all` FROM `xk_user` WHERE ( id=1 ) LIMIT 1   [ RunTime:0.0008s ]
SQL: SHOW COLUMNS FROM `xk_project` [ RunTime:0.1699s ]
SQL: SELECT `id` FROM `xk_project`  [ RunTime:0.0319s ]
SQL: SHOW COLUMNS FROM `xk_kppc` [ RunTime:0.0232s ]
SQL: SELECT `id` FROM `xk_kppc`  [ RunTime:0.0008s ]
SQL: SHOW COLUMNS FROM `xk_project` [ RunTime:0.0088s ]
SQL: SHOW COLUMNS FROM `xk_company` [ RunTime:0.0136s ]
SQL: SELECT Project.id AS id,Project.name AS name,Project.cp_id AS cp_id,Project.address AS address,Project.mobile AS mobile,Project.projfzr AS projfzr,Project.createdate AS createdate,Project.status AS status,Project.wx_avatar AS wx_avatar,Project.poster_path AS poster_path,Project.app_id AS app_id,Project.app_secret AS app_secret,Project.mch_id AS mch_id,Project.api_password AS api_password,Project.wishing AS wishing,Project.act_name AS act_name,Project.remark AS remark,Project.public_key AS public_key,Project.private_key AS private_key,Project.rootca AS rootca,Company.id AS company_id,Company.name AS company_name FROM xk_project Project LEFT JOIN xk_company Company ON Project.cp_id = Company.id WHERE Project.status = 1 AND Project.id IN ('1','2','3') ORDER BY Company.id DESC,Project.id DESC LIMIT 50   [ RunTime:0.0303s ]
SQL: SHOW COLUMNS FROM `xk_user` [ RunTime:0.0086s ]
SQL: SELECT `is_all` FROM `xk_user` WHERE ( id=1 ) LIMIT 1   [ RunTime:0.0008s ]
SQL: SHOW COLUMNS FROM `xk_project` [ RunTime:0.0061s ]
SQL: SELECT `id` FROM `xk_project`  [ RunTime:0.0007s ]
SQL: SHOW COLUMNS FROM `xk_kppc` [ RunTime:0.0090s ]
SQL: SELECT `id` FROM `xk_kppc`  [ RunTime:0.0007s ]
SQL: SHOW COLUMNS FROM `xk_kppc` [ RunTime:0.0062s ]
SQL: SELECT * FROM `xk_kppc` WHERE `id` IN ('1','2','3','4') ORDER BY id ASC  [ RunTime:0.0010s ]
INFO: [ view_parse ] --START--
INFO: [ template_filter ] --START--
INFO: Run Behavior\ContentReplaceBehavior [ RunTime:0.002330s ]
INFO: [ template_filter ] --END-- [ RunTime:0.005442s ]
NOTIC: [8] Undefined variable: log_noread_count D:\project\yun_xk\Application\Runtime\Cache\Account\9bd10ec698ff284eeb8406148ca8f8c7.php 第 270 行.
NOTIC: [8] Undefined variable: seo_title D:\project\yun_xk\Application\Runtime\Cache\Account\9bd10ec698ff284eeb8406148ca8f8c7.php 第 844 行.
INFO: Run Behavior\ParseTemplateBehavior [ RunTime:0.668993s ]
INFO: [ view_parse ] --END-- [ RunTime:0.671708s ]
INFO: [ view_filter ] --START--
INFO: Run Behavior\WriteHtmlCacheBehavior [ RunTime:0.002170s ]
INFO: [ view_filter ] --END-- [ RunTime:0.005069s ]
INFO: [ app_end ] --START--
INFO: Run Behavior\ShowPageTraceBehavior [ RunTime:0.002378s ]
INFO: [ app_end ] --END-- [ RunTime:0.005745s ]

[ 2018-01-25T11:53:31+08:00 ] 127.0.0.1 /Account/CstSign/user_list.html
INFO: [ app_init ] --START--
INFO: Run Behavior\BuildLiteBehavior [ RunTime:0.000564s ]
INFO: [ app_init ] --END-- [ RunTime:0.004932s ]
INFO: [ app_begin ] --START--
INFO: Run Behavior\ReadHtmlCacheBehavior [ RunTime:0.001995s ]
INFO: [ app_begin ] --END-- [ RunTime:0.004725s ]
SQL: SHOW COLUMNS FROM `xk_user` [ RunTime:0.0098s ]
SQL: SELECT * FROM `xk_user` WHERE `id` = 1 AND (  9933=9933 ) ORDER BY id DESC LIMIT 1   [ RunTime:0.0011s ]
SQL: SHOW COLUMNS FROM `xk_user` [ RunTime:0.0075s ]
SQL: SELECT `is_all` FROM `xk_user` WHERE ( id=1 ) LIMIT 1   [ RunTime:0.0008s ]
SQL: SHOW COLUMNS FROM `xk_fun` [ RunTime:0.0101s ]
SQL: SELECT * FROM `xk_fun` WHERE ( is_fun=1 ) ORDER BY px ASC  [ RunTime:0.0284s ]
SQL: SHOW COLUMNS FROM `xk_choose` [ RunTime:0.0284s ]
SQL: SELECT COUNT(*) AS tp_count FROM `xk_choose` WHERE ( 1 = 1  AND project_id =3   ) LIMIT 1   [ RunTime:0.0247s ]
SQL: SHOW COLUMNS FROM `xk_choose` [ RunTime:0.0072s ]
SQL: SELECT * FROM `xk_choose` WHERE ( 1 = 1  AND project_id =3   ) LIMIT 0,10   [ RunTime:0.0010s ]
INFO: [ view_parse ] --START--
INFO: [ template_filter ] --START--
INFO: Run Behavior\ContentReplaceBehavior [ RunTime:0.001928s ]
INFO: [ template_filter ] --END-- [ RunTime:0.004210s ]
NOTIC: [8] Undefined offset: 4 D:\project\yun_xk\Application\Common\Common\functions.php 第 117 行.
INFO: Run Behavior\ParseTemplateBehavior [ RunTime:0.191284s ]
INFO: [ view_parse ] --END-- [ RunTime:0.194599s ]
INFO: [ view_filter ] --START--
INFO: Run Behavior\WriteHtmlCacheBehavior [ RunTime:0.002228s ]
INFO: [ view_filter ] --END-- [ RunTime:0.004506s ]
INFO: [ app_end ] --START--
INFO: Run Behavior\ShowPageTraceBehavior [ RunTime:0.001934s ]
INFO: [ app_end ] --END-- [ RunTime:0.004084s ]

[ 2018-01-25T12:23:09+08:00 ] 127.0.0.1 /Account/CstSign/sign.html
INFO: [ app_init ] --START--
INFO: Run Behavior\BuildLiteBehavior [ RunTime:0.000486s ]
INFO: [ app_init ] --END-- [ RunTime:0.003893s ]
INFO: [ app_begin ] --START--
INFO: Run Behavior\ReadHtmlCacheBehavior [ RunTime:0.002626s ]
INFO: [ app_begin ] --END-- [ RunTime:0.005158s ]
SQL: SHOW COLUMNS FROM `xk_user` [ RunTime:0.0097s ]
SQL: SELECT * FROM `xk_user` WHERE `id` = 1 AND (  9933=9933 ) ORDER BY id DESC LIMIT 1   [ RunTime:0.0010s ]
SQL: SHOW COLUMNS FROM `xk_user` [ RunTime:0.0060s ]
SQL: SELECT `is_all` FROM `xk_user` WHERE ( id=1 ) LIMIT 1   [ RunTime:0.0008s ]
SQL: SHOW COLUMNS FROM `xk_fun` [ RunTime:0.0074s ]
SQL: SELECT * FROM `xk_fun` WHERE ( is_fun=1 ) ORDER BY px ASC  [ RunTime:0.0011s ]
SQL: SHOW COLUMNS FROM `xk_choose` [ RunTime:0.0081s ]
SQL: UPDATE `xk_choose` SET `is_sign`='1' WHERE ( id=107 ) [ RunTime:0.0790s ]
INFO: [ app_end ] --START--
INFO: Run Behavior\ShowPageTraceBehavior [ RunTime:0.002102s ]
INFO: [ app_end ] --END-- [ RunTime:0.004238s ]

[ 2018-01-25T12:23:09+08:00 ] 127.0.0.1 /Account/CstSign/user_list.html
INFO: [ app_init ] --START--
INFO: Run Behavior\BuildLiteBehavior [ RunTime:0.000839s ]
INFO: [ app_init ] --END-- [ RunTime:0.004840s ]
INFO: [ app_begin ] --START--
INFO: Run Behavior\ReadHtmlCacheBehavior [ RunTime:0.003350s ]
INFO: [ app_begin ] --END-- [ RunTime:0.006023s ]
SQL: SHOW COLUMNS FROM `xk_user` [ RunTime:0.0065s ]
SQL: SELECT * FROM `xk_user` WHERE `id` = 1 AND (  9933=9933 ) ORDER BY id DESC LIMIT 1   [ RunTime:0.0024s ]
SQL: SHOW COLUMNS FROM `xk_user` [ RunTime:0.0061s ]
SQL: SELECT `is_all` FROM `xk_user` WHERE ( id=1 ) LIMIT 1   [ RunTime:0.0051s ]
SQL: SHOW COLUMNS FROM `xk_fun` [ RunTime:0.0078s ]
SQL: SELECT * FROM `xk_fun` WHERE ( is_fun=1 ) ORDER BY px ASC  [ RunTime:0.0011s ]
SQL: SHOW COLUMNS FROM `xk_choose` [ RunTime:0.0110s ]
SQL: SELECT COUNT(*) AS tp_count FROM `xk_choose` WHERE ( 1 = 1  AND project_id =3 AND batch_id =3  ) LIMIT 1   [ RunTime:0.0012s ]
SQL: SHOW COLUMNS FROM `xk_choose` [ RunTime:0.0062s ]
SQL: SELECT * FROM `xk_choose` WHERE ( 1 = 1  AND project_id =3 AND batch_id =3  ) LIMIT 0,10   [ RunTime:0.0013s ]
INFO: [ view_parse ] --START--
INFO: [ template_filter ] --START--
INFO: Run Behavior\ContentReplaceBehavior [ RunTime:0.002216s ]
INFO: [ template_filter ] --END-- [ RunTime:0.004414s ]
NOTIC: [8] Undefined offset: 4 D:\project\yun_xk\Application\Common\Common\functions.php 第 117 行.
INFO: Run Behavior\ParseTemplateBehavior [ RunTime:0.174080s ]
INFO: [ view_parse ] --END-- [ RunTime:0.176543s ]
INFO: [ view_filter ] --START--
INFO: Run Behavior\WriteHtmlCacheBehavior [ RunTime:0.002251s ]
INFO: [ view_filter ] --END-- [ RunTime:0.004465s ]
INFO: [ app_end ] --START--
INFO: Run Behavior\ShowPageTraceBehavior [ RunTime:0.001927s ]
INFO: [ app_end ] --END-- [ RunTime:0.004000s ]

[ 2018-01-25T12:23:23+08:00 ] 127.0.0.1 /Account/CstSign/index
INFO: [ app_init ] --START--
INFO: Run Behavior\BuildLiteBehavior [ RunTime:0.000485s ]
INFO: [ app_init ] --END-- [ RunTime:0.004327s ]
INFO: [ app_begin ] --START--
INFO: Run Behavior\ReadHtmlCacheBehavior [ RunTime:0.002831s ]
INFO: [ app_begin ] --END-- [ RunTime:0.005544s ]
SQL: SHOW COLUMNS FROM `xk_user` [ RunTime:0.0108s ]
SQL: SELECT * FROM `xk_user` WHERE `id` = 1 AND (  9933=9933 ) ORDER BY id DESC LIMIT 1   [ RunTime:0.0010s ]
SQL: SHOW COLUMNS FROM `xk_user` [ RunTime:0.0077s ]
SQL: SELECT `is_all` FROM `xk_user` WHERE ( id=1 ) LIMIT 1   [ RunTime:0.0008s ]
SQL: SHOW COLUMNS FROM `xk_fun` [ RunTime:0.0073s ]
SQL: SELECT * FROM `xk_fun` WHERE ( is_fun=1 ) ORDER BY px ASC  [ RunTime:0.0011s ]
SQL: SHOW COLUMNS FROM `xk_user` [ RunTime:0.0059s ]
SQL: SELECT `is_all` FROM `xk_user` WHERE ( id=1 ) LIMIT 1   [ RunTime:0.0008s ]
SQL: SHOW COLUMNS FROM `xk_project` [ RunTime:0.0151s ]
SQL: SELECT `id` FROM `xk_project`  [ RunTime:0.0007s ]
SQL: SHOW COLUMNS FROM `xk_kppc` [ RunTime:0.0077s ]
SQL: SELECT `id` FROM `xk_kppc`  [ RunTime:0.0008s ]
SQL: SHOW COLUMNS FROM `xk_project` [ RunTime:0.0095s ]
SQL: SHOW COLUMNS FROM `xk_company` [ RunTime:0.0113s ]
SQL: SELECT Project.id AS id,Project.name AS name,Project.cp_id AS cp_id,Project.address AS address,Project.mobile AS mobile,Project.projfzr AS projfzr,Project.createdate AS createdate,Project.status AS status,Project.wx_avatar AS wx_avatar,Project.poster_path AS poster_path,Project.app_id AS app_id,Project.app_secret AS app_secret,Project.mch_id AS mch_id,Project.api_password AS api_password,Project.wishing AS wishing,Project.act_name AS act_name,Project.remark AS remark,Project.public_key AS public_key,Project.private_key AS private_key,Project.rootca AS rootca,Company.id AS company_id,Company.name AS company_name FROM xk_project Project LEFT JOIN xk_company Company ON Project.cp_id = Company.id WHERE Project.status = 1 AND Project.id IN ('1','2','3') ORDER BY Company.id DESC,Project.id DESC LIMIT 50   [ RunTime:0.0131s ]
SQL: SHOW COLUMNS FROM `xk_user` [ RunTime:0.0071s ]
SQL: SELECT `is_all` FROM `xk_user` WHERE ( id=1 ) LIMIT 1   [ RunTime:0.0011s ]
SQL: SHOW COLUMNS FROM `xk_project` [ RunTime:0.0072s ]
SQL: SELECT `id` FROM `xk_project`  [ RunTime:0.0008s ]
SQL: SHOW COLUMNS FROM `xk_kppc` [ RunTime:0.0087s ]
SQL: SELECT `id` FROM `xk_kppc`  [ RunTime:0.0008s ]
SQL: SHOW COLUMNS FROM `xk_kppc` [ RunTime:0.0077s ]
SQL: SELECT * FROM `xk_kppc` WHERE `id` IN ('1','2','3','4') ORDER BY id ASC  [ RunTime:0.0016s ]
INFO: [ view_parse ] --START--
INFO: [ template_filter ] --START--
INFO: Run Behavior\ContentReplaceBehavior [ RunTime:0.002412s ]
INFO: [ template_filter ] --END-- [ RunTime:0.005878s ]
NOTIC: [8] Undefined variable: log_noread_count D:\project\yun_xk\Application\Runtime\Cache\Account\9bd10ec698ff284eeb8406148ca8f8c7.php 第 270 行.
NOTIC: [8] Undefined variable: seo_title D:\project\yun_xk\Application\Runtime\Cache\Account\9bd10ec698ff284eeb8406148ca8f8c7.php 第 844 行.
INFO: Run Behavior\ParseTemplateBehavior [ RunTime:0.645325s ]
INFO: [ view_parse ] --END-- [ RunTime:0.649944s ]
INFO: [ view_filter ] --START--
INFO: Run Behavior\WriteHtmlCacheBehavior [ RunTime:0.002336s ]
INFO: [ view_filter ] --END-- [ RunTime:0.005187s ]
INFO: [ app_end ] --START--
INFO: Run Behavior\ShowPageTraceBehavior [ RunTime:0.002821s ]
INFO: [ app_end ] --END-- [ RunTime:0.005997s ]

[ 2018-01-25T12:23:24+08:00 ] 127.0.0.1 /Account/CstSign/user_list.html
INFO: [ app_init ] --START--
INFO: Run Behavior\BuildLiteBehavior [ RunTime:0.000502s ]
INFO: [ app_init ] --END-- [ RunTime:0.004157s ]
INFO: [ app_begin ] --START--
INFO: Run Behavior\ReadHtmlCacheBehavior [ RunTime:0.001994s ]
INFO: [ app_begin ] --END-- [ RunTime:0.004144s ]
SQL: SHOW COLUMNS FROM `xk_user` [ RunTime:0.0302s ]
SQL: SELECT * FROM `xk_user` WHERE `id` = 1 AND (  9933=9933 ) ORDER BY id DESC LIMIT 1   [ RunTime:0.0009s ]
SQL: SHOW COLUMNS FROM `xk_user` [ RunTime:0.0063s ]
SQL: SELECT `is_all` FROM `xk_user` WHERE ( id=1 ) LIMIT 1   [ RunTime:0.0045s ]
SQL: SHOW COLUMNS FROM `xk_fun` [ RunTime:0.0085s ]
SQL: SELECT * FROM `xk_fun` WHERE ( is_fun=1 ) ORDER BY px ASC  [ RunTime:0.0012s ]
SQL: SHOW COLUMNS FROM `xk_choose` [ RunTime:0.0097s ]
SQL: SELECT COUNT(*) AS tp_count FROM `xk_choose` WHERE ( 1 = 1 AND is_sign=0 AND project_id =3   ) LIMIT 1   [ RunTime:0.0011s ]
SQL: SHOW COLUMNS FROM `xk_choose` [ RunTime:0.0188s ]
SQL: SELECT * FROM `xk_choose` WHERE ( 1 = 1 AND is_sign=0 AND project_id =3   ) LIMIT 0,10   [ RunTime:0.0015s ]
INFO: [ view_parse ] --START--
INFO: [ template_filter ] --START--
INFO: Run Behavior\ContentReplaceBehavior [ RunTime:0.014837s ]
INFO: [ template_filter ] --END-- [ RunTime:0.022517s ]
INFO: Run Behavior\ParseTemplateBehavior [ RunTime:0.285046s ]
INFO: [ view_parse ] --END-- [ RunTime:0.287199s ]
INFO: [ view_filter ] --START--
INFO: Run Behavior\WriteHtmlCacheBehavior [ RunTime:0.002227s ]
INFO: [ view_filter ] --END-- [ RunTime:0.004894s ]
INFO: [ app_end ] --START--
INFO: Run Behavior\ShowPageTraceBehavior [ RunTime:0.002712s ]
INFO: [ app_end ] --END-- [ RunTime:0.005204s ]

[ 2018-01-25T12:23:37+08:00 ] 127.0.0.1 /Account/CstSign/user_list.html
INFO: [ app_init ] --START--
INFO: Run Behavior\BuildLiteBehavior [ RunTime:0.000830s ]
INFO: [ app_init ] --END-- [ RunTime:0.005613s ]
INFO: [ app_begin ] --START--
INFO: Run Behavior\ReadHtmlCacheBehavior [ RunTime:0.020559s ]
INFO: [ app_begin ] --END-- [ RunTime:0.023656s ]
SQL: SHOW COLUMNS FROM `xk_user` [ RunTime:0.0106s ]
SQL: SELECT * FROM `xk_user` WHERE `id` = 1 AND (  9933=9933 ) ORDER BY id DESC LIMIT 1   [ RunTime:0.0010s ]
SQL: SHOW COLUMNS FROM `xk_user` [ RunTime:0.0061s ]
SQL: SELECT `is_all` FROM `xk_user` WHERE ( id=1 ) LIMIT 1   [ RunTime:0.0008s ]
SQL: SHOW COLUMNS FROM `xk_fun` [ RunTime:0.0080s ]
SQL: SELECT * FROM `xk_fun` WHERE ( is_fun=1 ) ORDER BY px ASC  [ RunTime:0.0010s ]
SQL: SHOW COLUMNS FROM `xk_choose` [ RunTime:0.0079s ]
SQL: SELECT COUNT(*) AS tp_count FROM `xk_choose` WHERE ( 1 = 1 AND is_sign=0 AND project_id =2   ) LIMIT 1   [ RunTime:0.0008s ]
SQL: SHOW COLUMNS FROM `xk_choose` [ RunTime:0.0064s ]
SQL: SELECT * FROM `xk_choose` WHERE ( 1 = 1 AND is_sign=0 AND project_id =2   ) LIMIT 0,10   [ RunTime:0.0012s ]
INFO: [ view_parse ] --START--
INFO: [ template_filter ] --START--
INFO: Run Behavior\ContentReplaceBehavior [ RunTime:0.001673s ]
INFO: [ template_filter ] --END-- [ RunTime:0.003838s ]
NOTIC: [8] Undefined offset: 4 D:\project\yun_xk\Application\Common\Common\functions.php 第 117 行.
NOTIC: [8] Undefined offset: 4 D:\project\yun_xk\Application\Common\Common\functions.php 第 117 行.
NOTIC: [8] Undefined offset: 4 D:\project\yun_xk\Application\Common\Common\functions.php 第 117 行.
NOTIC: [8] Undefined offset: 4 D:\project\yun_xk\Application\Common\Common\functions.php 第 117 行.
INFO: Run Behavior\ParseTemplateBehavior [ RunTime:0.175350s ]
INFO: [ view_parse ] --END-- [ RunTime:0.177492s ]
INFO: [ view_filter ] --START--
INFO: Run Behavior\WriteHtmlCacheBehavior [ RunTime:0.002101s ]
INFO: [ view_filter ] --END-- [ RunTime:0.004256s ]
INFO: [ app_end ] --START--
INFO: Run Behavior\ShowPageTraceBehavior [ RunTime:0.002406s ]
INFO: [ app_end ] --END-- [ RunTime:0.004560s ]

[ 2018-01-25T12:24:31+08:00 ] 127.0.0.1 /Account/CstSign/user_list.html
INFO: [ app_init ] --START--
INFO: Run Behavior\BuildLiteBehavior [ RunTime:0.000587s ]
INFO: [ app_init ] --END-- [ RunTime:0.005009s ]
INFO: [ app_begin ] --START--
INFO: Run Behavior\ReadHtmlCacheBehavior [ RunTime:0.001986s ]
INFO: [ app_begin ] --END-- [ RunTime:0.004104s ]
SQL: SHOW COLUMNS FROM `xk_user` [ RunTime:0.0084s ]
SQL: SELECT * FROM `xk_user` WHERE `id` = 1 AND (  9933=9933 ) ORDER BY id DESC LIMIT 1   [ RunTime:0.0009s ]
SQL: SHOW COLUMNS FROM `xk_user` [ RunTime:0.0086s ]
SQL: SELECT `is_all` FROM `xk_user` WHERE ( id=1 ) LIMIT 1   [ RunTime:0.0009s ]
SQL: SHOW COLUMNS FROM `xk_fun` [ RunTime:0.0075s ]
SQL: SELECT * FROM `xk_fun` WHERE ( is_fun=1 ) ORDER BY px ASC  [ RunTime:0.0011s ]
SQL: SHOW COLUMNS FROM `xk_choose` [ RunTime:0.0074s ]
SQL: SELECT COUNT(*) AS tp_count FROM `xk_choose` WHERE ( 1 = 1 AND is_sign=0 AND project_id =2   ) LIMIT 1   [ RunTime:0.0011s ]
SQL: SHOW COLUMNS FROM `xk_choose` [ RunTime:0.0064s ]
SQL: SELECT * FROM `xk_choose` WHERE ( 1 = 1 AND is_sign=0 AND project_id =2   ) LIMIT 0,20   [ RunTime:0.0011s ]
INFO: [ view_parse ] --START--
INFO: [ template_filter ] --START--
INFO: Run Behavior\ContentReplaceBehavior [ RunTime:0.002214s ]
INFO: [ template_filter ] --END-- [ RunTime:0.007538s ]
NOTIC: [8] Undefined offset: 4 D:\project\yun_xk\Application\Common\Common\functions.php 第 117 行.
NOTIC: [8] Undefined offset: 4 D:\project\yun_xk\Application\Common\Common\functions.php 第 117 行.
NOTIC: [8] Undefined offset: 4 D:\project\yun_xk\Application\Common\Common\functions.php 第 117 行.
NOTIC: [8] Undefined offset: 4 D:\project\yun_xk\Application\Common\Common\functions.php 第 117 行.
INFO: Run Behavior\ParseTemplateBehavior [ RunTime:0.192801s ]
INFO: [ view_parse ] --END-- [ RunTime:0.195003s ]
INFO: [ view_filter ] --START--
INFO: Run Behavior\WriteHtmlCacheBehavior [ RunTime:0.002918s ]
INFO: [ view_filter ] --END-- [ RunTime:0.005481s ]
INFO: [ app_end ] --START--
INFO: Run Behavior\ShowPageTraceBehavior [ RunTime:0.002090s ]
INFO: [ app_end ] --END-- [ RunTime:0.004588s ]

[ 2018-01-25T12:25:58+08:00 ] 127.0.0.1 /Account/ChooseUser/index
INFO: [ app_init ] --START--
INFO: Run Behavior\BuildLiteBehavior [ RunTime:0.000568s ]
INFO: [ app_init ] --END-- [ RunTime:0.004370s ]
INFO: [ app_begin ] --START--
INFO: Run Behavior\ReadHtmlCacheBehavior [ RunTime:0.003239s ]
INFO: [ app_begin ] --END-- [ RunTime:0.006497s ]
SQL: SHOW COLUMNS FROM `xk_user` [ RunTime:0.0172s ]
SQL: SELECT * FROM `xk_user` WHERE `id` = 1 AND (  9933=9933 ) ORDER BY id DESC LIMIT 1   [ RunTime:0.0009s ]
SQL: SHOW COLUMNS FROM `xk_user` [ RunTime:0.0081s ]
SQL: SELECT `is_all` FROM `xk_user` WHERE ( id=1 ) LIMIT 1   [ RunTime:0.0009s ]
SQL: SHOW COLUMNS FROM `xk_fun` [ RunTime:0.0077s ]
SQL: SELECT * FROM `xk_fun` WHERE ( is_fun=1 ) ORDER BY px ASC  [ RunTime:0.0011s ]
SQL: SHOW COLUMNS FROM `xk_user` [ RunTime:0.0064s ]
SQL: SELECT `is_all` FROM `xk_user` WHERE ( id=1 ) LIMIT 1   [ RunTime:0.0008s ]
SQL: SHOW COLUMNS FROM `xk_project` [ RunTime:0.0081s ]
SQL: SELECT `id` FROM `xk_project`  [ RunTime:0.0008s ]
SQL: SHOW COLUMNS FROM `xk_kppc` [ RunTime:0.0107s ]
SQL: SELECT `id` FROM `xk_kppc`  [ RunTime:0.0007s ]
SQL: SHOW COLUMNS FROM `xk_project` [ RunTime:0.0074s ]
SQL: SELECT * FROM `xk_project` WHERE `id` = '' LIMIT 1   [ RunTime:0.0010s ]
SQL: SHOW COLUMNS FROM `xk_project` [ RunTime:0.0061s ]
SQL: SHOW COLUMNS FROM `xk_company` [ RunTime:0.0070s ]
SQL: SELECT Project.id AS id,Project.name AS name,Project.cp_id AS cp_id,Project.address AS address,Project.mobile AS mobile,Project.projfzr AS projfzr,Project.createdate AS createdate,Project.status AS status,Project.wx_avatar AS wx_avatar,Project.poster_path AS poster_path,Project.app_id AS app_id,Project.app_secret AS app_secret,Project.mch_id AS mch_id,Project.api_password AS api_password,Project.wishing AS wishing,Project.act_name AS act_name,Project.remark AS remark,Project.public_key AS public_key,Project.private_key AS private_key,Project.rootca AS rootca,Company.id AS company_id,Company.name AS company_name FROM xk_project Project LEFT JOIN xk_company Company ON Project.cp_id = Company.id WHERE Project.status = 1 AND Project.id IN ('1','2','3') ORDER BY Company.id DESC,Project.id DESC LIMIT 50   [ RunTime:0.0094s ]
SQL: SHOW COLUMNS FROM `xk_user` [ RunTime:0.0065s ]
SQL: SELECT `is_all` FROM `xk_user` WHERE ( id=1 ) LIMIT 1   [ RunTime:0.0013s ]
SQL: SHOW COLUMNS FROM `xk_project` [ RunTime:0.0065s ]
SQL: SELECT `id` FROM `xk_project`  [ RunTime:0.0010s ]
SQL: SHOW COLUMNS FROM `xk_kppc` [ RunTime:0.0071s ]
SQL: SELECT `id` FROM `xk_kppc`  [ RunTime:0.0008s ]
SQL: SHOW COLUMNS FROM `xk_kppc` [ RunTime:0.0064s ]
SQL: SELECT * FROM `xk_kppc` WHERE `id` IN ('1','2','3','4') AND `proj_id` = '' ORDER BY id DESC  [ RunTime:0.0009s ]
SQL: SHOW COLUMNS FROM `xk_choose` [ RunTime:0.0076s ]
SQL: SHOW COLUMNS FROM `xk_kppc` [ RunTime:0.0079s ]
SQL: SHOW COLUMNS FROM `xk_roomlist` [ RunTime:0.1721s ]
SQL: SHOW COLUMNS FROM `xk_roomlist` [ RunTime:0.0096s ]
SQL: SHOW COLUMNS FROM `xk_user` [ RunTime:0.0085s ]
SQL: SELECT COUNT(*) AS tp_count FROM xk_choose Choose LEFT JOIN xk_project Project ON Choose.project_id = Project.id LEFT JOIN xk_kppc Kppc ON Choose.batch_id = Kppc.id LEFT JOIN xk_roomlist rm1 ON rm1.cstid = Choose.id LEFT JOIN xk_roomlist  rm2 ON rm2.id = Choose.room LEFT JOIN xk_user us ON us.name = Choose.ywy WHERE ( Choose.project_id IN ('1','2','3')  ) AND Choose.batch_id IN ('1','2','3','4') LIMIT 1   [ RunTime:0.0726s ]
SQL: SELECT Choose.id AS id,Choose.project_id AS project_id,Choose.batch_id AS batch_id,Choose.customer_name AS customer_name,Choose.customer_phone AS customer_phone,Choose.cardno AS cardno,Choose.cyjno AS cyjno,Choose.row_number AS row_number,Choose.money AS money,Choose.area AS area,Choose.price AS price,Choose.house_type AS house_type,Choose.floor AS floor,Choose.room AS room,Choose.password AS password,Choose.status AS status,Choose.add_time AS add_time,Choose.add_ip AS add_ip,Choose.ywy AS ywy,Choose.ywyphone AS ywyphone,Project.id AS project_id,Project.name AS project_name,Project.cp_id AS project_cp_id,Project.address AS project_address,Project.mobile AS project_mobile,Project.projfzr AS project_projfzr,Project.createdate AS project_createdate,Project.status AS project_status,Kppc.id AS batch_id,Kppc.proj_id AS batch_project_id,Kppc.name AS batch_name,Kppc.kptime AS batch_open_time,Kppc.roomscount AS batch_rooms_count,rm1.id AS room_id,rm1.buildname AS buildname,rm1.unit AS unit,rm1.floor AS floor,rm1.room AS rm,rm2.buildname AS buildname_one,rm2.unit AS unit_one,rm2.floor AS floor_one,rm2.room AS rm_one,us.id AS us_id FROM xk_choose Choose LEFT JOIN xk_project Project ON Choose.project_id = Project.id LEFT JOIN xk_kppc Kppc ON Choose.batch_id = Kppc.id LEFT JOIN xk_roomlist rm1 ON rm1.cstid = Choose.id LEFT JOIN xk_roomlist  rm2 ON rm2.id = Choose.room LEFT JOIN xk_user us ON us.name = Choose.ywy WHERE ( Choose.project_id IN ('1','2','3')  ) AND Choose.batch_id IN ('1','2','3','4') ORDER BY Choose.project_id desc,Choose.batch_id desc,Choose.status desc,Choose.id ASC LIMIT 0,10   [ RunTime:0.0128s ]
INFO: [ view_parse ] --START--
INFO: [ template_filter ] --START--
INFO: Run Behavior\ContentReplaceBehavior [ RunTime:0.003116s ]
INFO: [ template_filter ] --END-- [ RunTime:0.005868s ]
NOTIC: [8] Undefined variable: log_noread_count D:\project\yun_xk\Application\Runtime\Cache\Account\eb3304742debcadc0d6a1071877daec4.php 第 270 行.
NOTIC: [8] Undefined offset: 4 D:\project\yun_xk\Application\Common\Common\functions.php 第 117 行.
NOTIC: [8] Undefined offset: 4 D:\project\yun_xk\Application\Common\Common\functions.php 第 117 行.
NOTIC: [8] Undefined offset: 4 D:\project\yun_xk\Application\Common\Common\functions.php 第 117 行.
NOTIC: [8] Undefined offset: 4 D:\project\yun_xk\Application\Common\Common\functions.php 第 117 行.
NOTIC: [8] Undefined offset: 4 D:\project\yun_xk\Application\Common\Common\functions.php 第 117 行.
NOTIC: [8] Undefined offset: 4 D:\project\yun_xk\Application\Common\Common\functions.php 第 117 行.
NOTIC: [8] Uninitialized string offset: 1 D:\project\yun_xk\Application\Common\Common\functions.php 第 117 行.
NOTIC: [8] Undefined offset: 6 D:\project\yun_xk\Application\Common\Common\functions.php 第 117 行.
NOTIC: [8] Undefined offset: 9 D:\project\yun_xk\Application\Common\Common\functions.php 第 117 行.
INFO: Run Behavior\ParseTemplateBehavior [ RunTime:1.170367s ]
INFO: [ view_parse ] --END-- [ RunTime:1.173309s ]
INFO: [ view_filter ] --START--
INFO: Run Behavior\WriteHtmlCacheBehavior [ RunTime:0.002140s ]
INFO: [ view_filter ] --END-- [ RunTime:0.004839s ]

[ 2018-01-25T12:26:00+08:00 ] 127.0.0.1 /Account/ChooseUser/index
INFO: [ app_init ] --START--
INFO: Run Behavior\BuildLiteBehavior [ RunTime:0.000490s ]
INFO: [ app_init ] --END-- [ RunTime:0.004245s ]
INFO: [ app_begin ] --START--
INFO: Run Behavior\ReadHtmlCacheBehavior [ RunTime:0.003193s ]
INFO: [ app_begin ] --END-- [ RunTime:0.007076s ]
SQL: SHOW COLUMNS FROM `xk_user` [ RunTime:0.0084s ]
SQL: SELECT * FROM `xk_user` WHERE `id` = 1 AND (  9933=9933 ) ORDER BY id DESC LIMIT 1   [ RunTime:0.0009s ]
SQL: SHOW COLUMNS FROM `xk_user` [ RunTime:0.0071s ]
SQL: SELECT `is_all` FROM `xk_user` WHERE ( id=1 ) LIMIT 1   [ RunTime:0.0008s ]
SQL: SHOW COLUMNS FROM `xk_fun` [ RunTime:0.0081s ]
SQL: SELECT * FROM `xk_fun` WHERE ( is_fun=1 ) ORDER BY px ASC  [ RunTime:0.0011s ]
SQL: SHOW COLUMNS FROM `xk_user` [ RunTime:0.0074s ]
SQL: SELECT `is_all` FROM `xk_user` WHERE ( id=1 ) LIMIT 1   [ RunTime:0.0008s ]
SQL: SHOW COLUMNS FROM `xk_project` [ RunTime:0.0092s ]
SQL: SELECT `id` FROM `xk_project`  [ RunTime:0.0010s ]
SQL: SHOW COLUMNS FROM `xk_kppc` [ RunTime:0.0081s ]
SQL: SELECT `id` FROM `xk_kppc`  [ RunTime:0.0007s ]
SQL: SHOW COLUMNS FROM `xk_project` [ RunTime:0.0067s ]
SQL: SELECT * FROM `xk_project` WHERE `id` = '' LIMIT 1   [ RunTime:0.0009s ]
SQL: SHOW COLUMNS FROM `xk_project` [ RunTime:0.0068s ]
SQL: SHOW COLUMNS FROM `xk_company` [ RunTime:0.0194s ]
SQL: SELECT Project.id AS id,Project.name AS name,Project.cp_id AS cp_id,Project.address AS address,Project.mobile AS mobile,Project.projfzr AS projfzr,Project.createdate AS createdate,Project.status AS status,Project.wx_avatar AS wx_avatar,Project.poster_path AS poster_path,Project.app_id AS app_id,Project.app_secret AS app_secret,Project.mch_id AS mch_id,Project.api_password AS api_password,Project.wishing AS wishing,Project.act_name AS act_name,Project.remark AS remark,Project.public_key AS public_key,Project.private_key AS private_key,Project.rootca AS rootca,Company.id AS company_id,Company.name AS company_name FROM xk_project Project LEFT JOIN xk_company Company ON Project.cp_id = Company.id WHERE Project.status = 1 AND Project.id IN ('1','2','3') ORDER BY Company.id DESC,Project.id DESC LIMIT 50   [ RunTime:0.0095s ]
SQL: SHOW COLUMNS FROM `xk_user` [ RunTime:0.0077s ]
SQL: SELECT `is_all` FROM `xk_user` WHERE ( id=1 ) LIMIT 1   [ RunTime:0.0110s ]
SQL: SHOW COLUMNS FROM `xk_project` [ RunTime:0.0072s ]
SQL: SELECT `id` FROM `xk_project`  [ RunTime:0.0010s ]
SQL: SHOW COLUMNS FROM `xk_kppc` [ RunTime:0.0090s ]
SQL: SELECT `id` FROM `xk_kppc`  [ RunTime:0.0008s ]
SQL: SHOW COLUMNS FROM `xk_kppc` [ RunTime:0.0083s ]
SQL: SELECT * FROM `xk_kppc` WHERE `id` IN ('1','2','3','4') AND `proj_id` = '' ORDER BY id DESC  [ RunTime:0.0010s ]
SQL: SHOW COLUMNS FROM `xk_choose` [ RunTime:0.0079s ]
SQL: SHOW COLUMNS FROM `xk_kppc` [ RunTime:0.0077s ]
SQL: SHOW COLUMNS FROM `xk_roomlist` [ RunTime:0.0118s ]
SQL: SHOW COLUMNS FROM `xk_roomlist` [ RunTime:0.0078s ]
SQL: SHOW COLUMNS FROM `xk_user` [ RunTime:0.0080s ]
SQL: SELECT COUNT(*) AS tp_count FROM xk_choose Choose LEFT JOIN xk_project Project ON Choose.project_id = Project.id LEFT JOIN xk_kppc Kppc ON Choose.batch_id = Kppc.id LEFT JOIN xk_roomlist rm1 ON rm1.cstid = Choose.id LEFT JOIN xk_roomlist  rm2 ON rm2.id = Choose.room LEFT JOIN xk_user us ON us.name = Choose.ywy WHERE ( Choose.project_id IN ('1','2','3')  ) AND Choose.batch_id IN ('1','2','3','4') LIMIT 1   [ RunTime:0.0027s ]
SQL: SELECT Choose.id AS id,Choose.project_id AS project_id,Choose.batch_id AS batch_id,Choose.customer_name AS customer_name,Choose.customer_phone AS customer_phone,Choose.cardno AS cardno,Choose.cyjno AS cyjno,Choose.row_number AS row_number,Choose.money AS money,Choose.area AS area,Choose.price AS price,Choose.house_type AS house_type,Choose.floor AS floor,Choose.room AS room,Choose.password AS password,Choose.status AS status,Choose.add_time AS add_time,Choose.add_ip AS add_ip,Choose.ywy AS ywy,Choose.ywyphone AS ywyphone,Project.id AS project_id,Project.name AS project_name,Project.cp_id AS project_cp_id,Project.address AS project_address,Project.mobile AS project_mobile,Project.projfzr AS project_projfzr,Project.createdate AS project_createdate,Project.status AS project_status,Kppc.id AS batch_id,Kppc.proj_id AS batch_project_id,Kppc.name AS batch_name,Kppc.kptime AS batch_open_time,Kppc.roomscount AS batch_rooms_count,rm1.id AS room_id,rm1.buildname AS buildname,rm1.unit AS unit,rm1.floor AS floor,rm1.room AS rm,rm2.buildname AS buildname_one,rm2.unit AS unit_one,rm2.floor AS floor_one,rm2.room AS rm_one,us.id AS us_id FROM xk_choose Choose LEFT JOIN xk_project Project ON Choose.project_id = Project.id LEFT JOIN xk_kppc Kppc ON Choose.batch_id = Kppc.id LEFT JOIN xk_roomlist rm1 ON rm1.cstid = Choose.id LEFT JOIN xk_roomlist  rm2 ON rm2.id = Choose.room LEFT JOIN xk_user us ON us.name = Choose.ywy WHERE ( Choose.project_id IN ('1','2','3')  ) AND Choose.batch_id IN ('1','2','3','4') ORDER BY Choose.project_id desc,Choose.batch_id desc,Choose.status desc,Choose.id ASC LIMIT 0,10   [ RunTime:0.0056s ]
INFO: [ view_parse ] --START--
INFO: [ template_filter ] --START--
INFO: Run Behavior\ContentReplaceBehavior [ RunTime:0.004103s ]
INFO: [ template_filter ] --END-- [ RunTime:0.007635s ]
NOTIC: [8] Undefined variable: log_noread_count D:\project\yun_xk\Application\Runtime\Cache\Account\eb3304742debcadc0d6a1071877daec4.php 第 270 行.
NOTIC: [8] Undefined offset: 4 D:\project\yun_xk\Application\Common\Common\functions.php 第 117 行.
NOTIC: [8] Undefined offset: 4 D:\project\yun_xk\Application\Common\Common\functions.php 第 117 行.
NOTIC: [8] Undefined offset: 4 D:\project\yun_xk\Application\Common\Common\functions.php 第 117 行.
NOTIC: [8] Undefined offset: 4 D:\project\yun_xk\Application\Common\Common\functions.php 第 117 行.
NOTIC: [8] Undefined offset: 4 D:\project\yun_xk\Application\Common\Common\functions.php 第 117 行.
NOTIC: [8] Undefined offset: 4 D:\project\yun_xk\Application\Common\Common\functions.php 第 117 行.
NOTIC: [8] Uninitialized string offset: 1 D:\project\yun_xk\Application\Common\Common\functions.php 第 117 行.
NOTIC: [8] Undefined offset: 6 D:\project\yun_xk\Application\Common\Common\functions.php 第 117 行.
NOTIC: [8] Undefined offset: 9 D:\project\yun_xk\Application\Common\Common\functions.php 第 117 行.
INFO: Run Behavior\ParseTemplateBehavior [ RunTime:1.142959s ]
INFO: [ view_parse ] --END-- [ RunTime:1.145739s ]
INFO: [ view_filter ] --START--
INFO: Run Behavior\WriteHtmlCacheBehavior [ RunTime:0.002178s ]
INFO: [ view_filter ] --END-- [ RunTime:0.004984s ]
INFO: [ app_end ] --START--
INFO: Run Behavior\ShowPageTraceBehavior [ RunTime:0.002745s ]
INFO: [ app_end ] --END-- [ RunTime:0.005967s ]

[ 2018-01-25T12:26:08+08:00 ] 127.0.0.1 /Account/CstSign/index
INFO: [ app_init ] --START--
INFO: Run Behavior\BuildLiteBehavior [ RunTime:0.000488s ]
INFO: [ app_init ] --END-- [ RunTime:0.003794s ]
INFO: [ app_begin ] --START--
INFO: Run Behavior\ReadHtmlCacheBehavior [ RunTime:0.002405s ]
INFO: [ app_begin ] --END-- [ RunTime:0.005213s ]
SQL: SHOW COLUMNS FROM `xk_user` [ RunTime:0.0693s ]
SQL: SELECT * FROM `xk_user` WHERE `id` = 1 AND (  9933=9933 ) ORDER BY id DESC LIMIT 1   [ RunTime:0.0011s ]
SQL: SHOW COLUMNS FROM `xk_user` [ RunTime:0.0060s ]
SQL: SELECT `is_all` FROM `xk_user` WHERE ( id=1 ) LIMIT 1   [ RunTime:0.0008s ]
SQL: SHOW COLUMNS FROM `xk_fun` [ RunTime:0.0079s ]
SQL: SELECT * FROM `xk_fun` WHERE ( is_fun=1 ) ORDER BY px ASC  [ RunTime:0.0017s ]
SQL: SHOW COLUMNS FROM `xk_user` [ RunTime:0.0059s ]
SQL: SELECT `is_all` FROM `xk_user` WHERE ( id=1 ) LIMIT 1   [ RunTime:0.0008s ]
SQL: SHOW COLUMNS FROM `xk_project` [ RunTime:0.0080s ]
SQL: SELECT `id` FROM `xk_project`  [ RunTime:0.0008s ]
SQL: SHOW COLUMNS FROM `xk_kppc` [ RunTime:0.0095s ]
SQL: SELECT `id` FROM `xk_kppc`  [ RunTime:0.0008s ]
SQL: SHOW COLUMNS FROM `xk_project` [ RunTime:0.0068s ]
SQL: SHOW COLUMNS FROM `xk_company` [ RunTime:0.0084s ]
SQL: SELECT Project.id AS id,Project.name AS name,Project.cp_id AS cp_id,Project.address AS address,Project.mobile AS mobile,Project.projfzr AS projfzr,Project.createdate AS createdate,Project.status AS status,Project.wx_avatar AS wx_avatar,Project.poster_path AS poster_path,Project.app_id AS app_id,Project.app_secret AS app_secret,Project.mch_id AS mch_id,Project.api_password AS api_password,Project.wishing AS wishing,Project.act_name AS act_name,Project.remark AS remark,Project.public_key AS public_key,Project.private_key AS private_key,Project.rootca AS rootca,Company.id AS company_id,Company.name AS company_name FROM xk_project Project LEFT JOIN xk_company Company ON Project.cp_id = Company.id WHERE Project.status = 1 AND Project.id IN ('1','2','3') ORDER BY Company.id DESC,Project.id DESC LIMIT 50   [ RunTime:0.0106s ]
SQL: SHOW COLUMNS FROM `xk_user` [ RunTime:0.0094s ]
SQL: SELECT `is_all` FROM `xk_user` WHERE ( id=1 ) LIMIT 1   [ RunTime:0.0008s ]
SQL: SHOW COLUMNS FROM `xk_project` [ RunTime:0.0068s ]
SQL: SELECT `id` FROM `xk_project`  [ RunTime:0.0009s ]
SQL: SHOW COLUMNS FROM `xk_kppc` [ RunTime:0.0059s ]
SQL: SELECT `id` FROM `xk_kppc`  [ RunTime:0.0008s ]
SQL: SHOW COLUMNS FROM `xk_kppc` [ RunTime:0.0062s ]
SQL: SELECT * FROM `xk_kppc` WHERE `id` IN ('1','2','3','4') ORDER BY id ASC  [ RunTime:0.0009s ]
INFO: [ view_parse ] --START--
INFO: [ template_filter ] --START--
INFO: Run Behavior\ContentReplaceBehavior [ RunTime:0.002344s ]
INFO: [ template_filter ] --END-- [ RunTime:0.005477s ]
NOTIC: [8] Undefined variable: log_noread_count D:\project\yun_xk\Application\Runtime\Cache\Account\9bd10ec698ff284eeb8406148ca8f8c7.php 第 270 行.
NOTIC: [8] Undefined variable: seo_title D:\project\yun_xk\Application\Runtime\Cache\Account\9bd10ec698ff284eeb8406148ca8f8c7.php 第 844 行.
INFO: Run Behavior\ParseTemplateBehavior [ RunTime:0.679888s ]
INFO: [ view_parse ] --END-- [ RunTime:0.682586s ]
INFO: [ view_filter ] --START--
INFO: Run Behavior\WriteHtmlCacheBehavior [ RunTime:0.002569s ]
INFO: [ view_filter ] --END-- [ RunTime:0.006142s ]
INFO: [ app_end ] --START--
INFO: Run Behavior\ShowPageTraceBehavior [ RunTime:0.002693s ]
INFO: [ app_end ] --END-- [ RunTime:0.005470s ]

[ 2018-01-25T12:26:09+08:00 ] 127.0.0.1 /Account/CstSign/user_list.html
INFO: [ app_init ] --START--
INFO: Run Behavior\BuildLiteBehavior [ RunTime:0.000599s ]
INFO: [ app_init ] --END-- [ RunTime:0.008113s ]
INFO: [ app_begin ] --START--
INFO: Run Behavior\ReadHtmlCacheBehavior [ RunTime:0.002134s ]
INFO: [ app_begin ] --END-- [ RunTime:0.004463s ]
SQL: SHOW COLUMNS FROM `xk_user` [ RunTime:0.0478s ]
SQL: SELECT * FROM `xk_user` WHERE `id` = 1 AND (  9933=9933 ) ORDER BY id DESC LIMIT 1   [ RunTime:0.0013s ]
SQL: SHOW COLUMNS FROM `xk_user` [ RunTime:0.0062s ]
SQL: SELECT `is_all` FROM `xk_user` WHERE ( id=1 ) LIMIT 1   [ RunTime:0.0008s ]
SQL: SHOW COLUMNS FROM `xk_fun` [ RunTime:0.0098s ]
SQL: SELECT * FROM `xk_fun` WHERE ( is_fun=1 ) ORDER BY px ASC  [ RunTime:0.0010s ]
SQL: SHOW COLUMNS FROM `xk_choose` [ RunTime:0.0194s ]
SQL: SELECT COUNT(*) AS tp_count FROM `xk_choose` WHERE ( 1 = 1 AND is_sign=0 AND project_id =3   ) LIMIT 1   [ RunTime:0.0009s ]
SQL: SHOW COLUMNS FROM `xk_choose` [ RunTime:0.0067s ]
SQL: SELECT * FROM `xk_choose` WHERE ( 1 = 1 AND is_sign=0 AND project_id =3   ) LIMIT 0,10   [ RunTime:0.0010s ]
INFO: [ view_parse ] --START--
INFO: [ template_filter ] --START--
INFO: Run Behavior\ContentReplaceBehavior [ RunTime:0.001737s ]
INFO: [ template_filter ] --END-- [ RunTime:0.003900s ]
INFO: Run Behavior\ParseTemplateBehavior [ RunTime:0.171437s ]
INFO: [ view_parse ] --END-- [ RunTime:0.173552s ]
INFO: [ view_filter ] --START--
INFO: Run Behavior\WriteHtmlCacheBehavior [ RunTime:0.001973s ]
INFO: [ view_filter ] --END-- [ RunTime:0.004589s ]
INFO: [ app_end ] --START--
INFO: Run Behavior\ShowPageTraceBehavior [ RunTime:0.001985s ]
INFO: [ app_end ] --END-- [ RunTime:0.004154s ]

[ 2018-01-25T14:04:55+08:00 ] 127.0.0.1 /Account/CstSign/index
INFO: [ app_init ] --START--
INFO: Run Behavior\BuildLiteBehavior [ RunTime:0.000705s ]
INFO: [ app_init ] --END-- [ RunTime:0.005617s ]
INFO: [ app_begin ] --START--
INFO: Run Behavior\ReadHtmlCacheBehavior [ RunTime:0.002530s ]
INFO: [ app_begin ] --END-- [ RunTime:0.005392s ]
SQL: SHOW COLUMNS FROM `xk_user` [ RunTime:0.0189s ]
SQL: SELECT * FROM `xk_user` WHERE `id` = 1 AND (  9933=9933 ) ORDER BY id DESC LIMIT 1   [ RunTime:0.0011s ]
SQL: SHOW COLUMNS FROM `xk_user` [ RunTime:0.0073s ]
SQL: SELECT `is_all` FROM `xk_user` WHERE ( id=1 ) LIMIT 1   [ RunTime:0.0014s ]
SQL: SHOW COLUMNS FROM `xk_fun` [ RunTime:0.0096s ]
SQL: SELECT * FROM `xk_fun` WHERE ( is_fun=1 ) ORDER BY px ASC  [ RunTime:0.0012s ]
SQL: SHOW COLUMNS FROM `xk_user` [ RunTime:0.0069s ]
SQL: SELECT `is_all` FROM `xk_user` WHERE ( id=1 ) LIMIT 1   [ RunTime:0.0008s ]
SQL: SHOW COLUMNS FROM `xk_project` [ RunTime:0.0102s ]
SQL: SELECT `id` FROM `xk_project`  [ RunTime:0.0009s ]
SQL: SHOW COLUMNS FROM `xk_kppc` [ RunTime:0.0104s ]
SQL: SELECT `id` FROM `xk_kppc`  [ RunTime:0.0008s ]
SQL: SHOW COLUMNS FROM `xk_project` [ RunTime:0.0094s ]
SQL: SHOW COLUMNS FROM `xk_company` [ RunTime:0.0100s ]
SQL: SELECT Project.id AS id,Project.name AS name,Project.cp_id AS cp_id,Project.address AS address,Project.mobile AS mobile,Project.projfzr AS projfzr,Project.createdate AS createdate,Project.status AS status,Project.wx_avatar AS wx_avatar,Project.poster_path AS poster_path,Project.app_id AS app_id,Project.app_secret AS app_secret,Project.mch_id AS mch_id,Project.api_password AS api_password,Project.wishing AS wishing,Project.act_name AS act_name,Project.remark AS remark,Project.public_key AS public_key,Project.private_key AS private_key,Project.rootca AS rootca,Company.id AS company_id,Company.name AS company_name FROM xk_project Project LEFT JOIN xk_company Company ON Project.cp_id = Company.id WHERE Project.status = 1 AND Project.id IN ('1','2','3') ORDER BY Company.id DESC,Project.id DESC LIMIT 50   [ RunTime:0.0119s ]
SQL: SHOW COLUMNS FROM `xk_user` [ RunTime:0.0083s ]
SQL: SELECT `is_all` FROM `xk_user` WHERE ( id=1 ) LIMIT 1   [ RunTime:0.0011s ]
SQL: SHOW COLUMNS FROM `xk_project` [ RunTime:0.0067s ]
SQL: SELECT `id` FROM `xk_project`  [ RunTime:0.0009s ]
SQL: SHOW COLUMNS FROM `xk_kppc` [ RunTime:0.0084s ]
SQL: SELECT `id` FROM `xk_kppc`  [ RunTime:0.0009s ]
SQL: SHOW COLUMNS FROM `xk_kppc` [ RunTime:0.0072s ]
SQL: SELECT * FROM `xk_kppc` WHERE `id` IN ('1','2','3','4') ORDER BY id ASC  [ RunTime:0.0010s ]
INFO: [ view_parse ] --START--
INFO: [ template_filter ] --START--
INFO: Run Behavior\ContentReplaceBehavior [ RunTime:0.002414s ]
INFO: [ template_filter ] --END-- [ RunTime:0.005250s ]
NOTIC: [8] Undefined variable: log_noread_count D:\project\yun_xk\Application\Runtime\Cache\Account\9bd10ec698ff284eeb8406148ca8f8c7.php 第 270 行.
NOTIC: [8] Undefined variable: seo_title D:\project\yun_xk\Application\Runtime\Cache\Account\9bd10ec698ff284eeb8406148ca8f8c7.php 第 846 行.
INFO: Run Behavior\ParseTemplateBehavior [ RunTime:0.658849s ]
INFO: [ view_parse ] --END-- [ RunTime:0.661646s ]
INFO: [ view_filter ] --START--
INFO: Run Behavior\WriteHtmlCacheBehavior [ RunTime:0.004484s ]
INFO: [ view_filter ] --END-- [ RunTime:0.007413s ]
INFO: [ app_end ] --START--
INFO: Run Behavior\ShowPageTraceBehavior [ RunTime:0.002648s ]
INFO: [ app_end ] --END-- [ RunTime:0.005308s ]

[ 2018-01-25T14:04:57+08:00 ] 127.0.0.1 /Account/CstSign/user_list.html
INFO: [ app_init ] --START--
INFO: Run Behavior\BuildLiteBehavior [ RunTime:0.000494s ]
INFO: [ app_init ] --END-- [ RunTime:0.004177s ]
INFO: [ app_begin ] --START--
INFO: Run Behavior\ReadHtmlCacheBehavior [ RunTime:0.020755s ]
INFO: [ app_begin ] --END-- [ RunTime:0.023559s ]
SQL: SHOW COLUMNS FROM `xk_user` [ RunTime:0.0223s ]
SQL: SELECT * FROM `xk_user` WHERE `id` = 1 AND (  9933=9933 ) ORDER BY id DESC LIMIT 1   [ RunTime:0.0010s ]
SQL: SHOW COLUMNS FROM `xk_user` [ RunTime:0.0730s ]
SQL: SELECT `is_all` FROM `xk_user` WHERE ( id=1 ) LIMIT 1   [ RunTime:0.0013s ]
SQL: SHOW COLUMNS FROM `xk_fun` [ RunTime:0.0123s ]
SQL: SELECT * FROM `xk_fun` WHERE ( is_fun=1 ) ORDER BY px ASC  [ RunTime:0.0011s ]
SQL: SHOW COLUMNS FROM `xk_choose` [ RunTime:0.0089s ]
SQL: SELECT COUNT(*) AS tp_count FROM `xk_choose` WHERE ( 1 = 1 AND is_sign=0 AND project_id =3   ) LIMIT 1   [ RunTime:0.0009s ]
SQL: SHOW COLUMNS FROM `xk_choose` [ RunTime:0.0073s ]
SQL: SELECT * FROM `xk_choose` WHERE ( 1 = 1 AND is_sign=0 AND project_id =3   ) LIMIT 0,10   [ RunTime:0.0011s ]
INFO: [ view_parse ] --START--
INFO: [ template_filter ] --START--
INFO: Run Behavior\ContentReplaceBehavior [ RunTime:0.001761s ]
INFO: [ template_filter ] --END-- [ RunTime:0.003979s ]
INFO: Run Behavior\ParseTemplateBehavior [ RunTime:0.193677s ]
INFO: [ view_parse ] --END-- [ RunTime:0.195841s ]
INFO: [ view_filter ] --START--
INFO: Run Behavior\WriteHtmlCacheBehavior [ RunTime:0.005007s ]
INFO: [ view_filter ] --END-- [ RunTime:0.007317s ]
INFO: [ app_end ] --START--
INFO: Run Behavior\ShowPageTraceBehavior [ RunTime:0.003229s ]
INFO: [ app_end ] --END-- [ RunTime:0.006025s ]

[ 2018-01-25T14:05:16+08:00 ] 127.0.0.1 /Account/CstSign/index
INFO: [ app_init ] --START--
INFO: Run Behavior\BuildLiteBehavior [ RunTime:0.000481s ]
INFO: [ app_init ] --END-- [ RunTime:0.010825s ]
INFO: [ app_begin ] --START--
INFO: Run Behavior\ReadHtmlCacheBehavior [ RunTime:0.003361s ]
INFO: [ app_begin ] --END-- [ RunTime:0.006374s ]
SQL: SHOW COLUMNS FROM `xk_user` [ RunTime:0.0100s ]
SQL: SELECT * FROM `xk_user` WHERE `id` = 1 AND (  9933=9933 ) ORDER BY id DESC LIMIT 1   [ RunTime:0.0011s ]
SQL: SHOW COLUMNS FROM `xk_user` [ RunTime:0.0337s ]
SQL: SELECT `is_all` FROM `xk_user` WHERE ( id=1 ) LIMIT 1   [ RunTime:0.0009s ]
SQL: SHOW COLUMNS FROM `xk_fun` [ RunTime:0.0077s ]
SQL: SELECT * FROM `xk_fun` WHERE ( is_fun=1 ) ORDER BY px ASC  [ RunTime:0.0012s ]
SQL: SHOW COLUMNS FROM `xk_user` [ RunTime:0.0115s ]
SQL: SELECT `is_all` FROM `xk_user` WHERE ( id=1 ) LIMIT 1   [ RunTime:0.0010s ]
SQL: SHOW COLUMNS FROM `xk_project` [ RunTime:0.0131s ]
SQL: SELECT `id` FROM `xk_project`  [ RunTime:0.0010s ]
SQL: SHOW COLUMNS FROM `xk_kppc` [ RunTime:0.0088s ]
SQL: SELECT `id` FROM `xk_kppc`  [ RunTime:0.0008s ]
SQL: SHOW COLUMNS FROM `xk_project` [ RunTime:0.0109s ]
SQL: SHOW COLUMNS FROM `xk_company` [ RunTime:0.0152s ]
SQL: SELECT Project.id AS id,Project.name AS name,Project.cp_id AS cp_id,Project.address AS address,Project.mobile AS mobile,Project.projfzr AS projfzr,Project.createdate AS createdate,Project.status AS status,Project.wx_avatar AS wx_avatar,Project.poster_path AS poster_path,Project.app_id AS app_id,Project.app_secret AS app_secret,Project.mch_id AS mch_id,Project.api_password AS api_password,Project.wishing AS wishing,Project.act_name AS act_name,Project.remark AS remark,Project.public_key AS public_key,Project.private_key AS private_key,Project.rootca AS rootca,Company.id AS company_id,Company.name AS company_name FROM xk_project Project LEFT JOIN xk_company Company ON Project.cp_id = Company.id WHERE Project.status = 1 AND Project.id IN ('1','2','3') ORDER BY Company.id DESC,Project.id DESC LIMIT 50   [ RunTime:0.0099s ]
SQL: SHOW COLUMNS FROM `xk_user` [ RunTime:0.0064s ]
SQL: SELECT `is_all` FROM `xk_user` WHERE ( id=1 ) LIMIT 1   [ RunTime:0.0009s ]
SQL: SHOW COLUMNS FROM `xk_project` [ RunTime:0.0103s ]
SQL: SELECT `id` FROM `xk_project`  [ RunTime:0.0007s ]
SQL: SHOW COLUMNS FROM `xk_kppc` [ RunTime:0.0064s ]
SQL: SELECT `id` FROM `xk_kppc`  [ RunTime:0.0008s ]
SQL: SHOW COLUMNS FROM `xk_kppc` [ RunTime:0.0066s ]
SQL: SELECT * FROM `xk_kppc` WHERE `id` IN ('1','2','3','4') ORDER BY id ASC  [ RunTime:0.0009s ]
INFO: [ view_parse ] --START--
INFO: [ template_filter ] --START--
INFO: Run Behavior\ContentReplaceBehavior [ RunTime:0.002878s ]
INFO: [ template_filter ] --END-- [ RunTime:0.007605s ]
NOTIC: [8] Undefined variable: log_noread_count D:\project\yun_xk\Application\Runtime\Cache\Account\9bd10ec698ff284eeb8406148ca8f8c7.php 第 270 行.
NOTIC: [8] Undefined variable: seo_title D:\project\yun_xk\Application\Runtime\Cache\Account\9bd10ec698ff284eeb8406148ca8f8c7.php 第 846 行.
INFO: Run Behavior\ParseTemplateBehavior [ RunTime:0.785157s ]
INFO: [ view_parse ] --END-- [ RunTime:0.787890s ]
INFO: [ view_filter ] --START--
INFO: Run Behavior\WriteHtmlCacheBehavior [ RunTime:0.002217s ]
INFO: [ view_filter ] --END-- [ RunTime:0.005150s ]
INFO: [ app_end ] --START--
INFO: Run Behavior\ShowPageTraceBehavior [ RunTime:0.002741s ]
INFO: [ app_end ] --END-- [ RunTime:0.006115s ]

[ 2018-01-25T14:05:18+08:00 ] 127.0.0.1 /Account/CstSign/user_list.html
INFO: [ app_init ] --START--
INFO: Run Behavior\BuildLiteBehavior [ RunTime:0.000595s ]
INFO: [ app_init ] --END-- [ RunTime:0.036260s ]
INFO: [ app_begin ] --START--
INFO: Run Behavior\ReadHtmlCacheBehavior [ RunTime:0.004142s ]
INFO: [ app_begin ] --END-- [ RunTime:0.019699s ]
SQL: SHOW COLUMNS FROM `xk_user` [ RunTime:0.0130s ]
SQL: SELECT * FROM `xk_user` WHERE `id` = 1 AND (  9933=9933 ) ORDER BY id DESC LIMIT 1   [ RunTime:0.0014s ]
SQL: SHOW COLUMNS FROM `xk_user` [ RunTime:0.0123s ]
SQL: SELECT `is_all` FROM `xk_user` WHERE ( id=1 ) LIMIT 1   [ RunTime:0.0339s ]
SQL: SHOW COLUMNS FROM `xk_fun` [ RunTime:0.2460s ]
SQL: SELECT * FROM `xk_fun` WHERE ( is_fun=1 ) ORDER BY px ASC  [ RunTime:0.0012s ]
SQL: SHOW COLUMNS FROM `xk_choose` [ RunTime:0.0089s ]
SQL: SELECT COUNT(*) AS tp_count FROM `xk_choose` WHERE ( 1 = 1 AND is_sign=0 AND project_id =3   ) LIMIT 1   [ RunTime:0.0010s ]
SQL: SHOW COLUMNS FROM `xk_choose` [ RunTime:0.0079s ]
SQL: SELECT * FROM `xk_choose` WHERE ( 1 = 1 AND is_sign=0 AND project_id =3   ) LIMIT 0,10   [ RunTime:0.0015s ]
INFO: [ view_parse ] --START--
INFO: [ template_filter ] --START--
INFO: Run Behavior\ContentReplaceBehavior [ RunTime:0.001897s ]
INFO: [ template_filter ] --END-- [ RunTime:0.004157s ]
INFO: Run Behavior\ParseTemplateBehavior [ RunTime:0.185525s ]
INFO: [ view_parse ] --END-- [ RunTime:0.187921s ]
INFO: [ view_filter ] --START--
INFO: Run Behavior\WriteHtmlCacheBehavior [ RunTime:0.002180s ]
INFO: [ view_filter ] --END-- [ RunTime:0.004451s ]
INFO: [ app_end ] --START--
INFO: Run Behavior\ShowPageTraceBehavior [ RunTime:0.002278s ]
INFO: [ app_end ] --END-- [ RunTime:0.004595s ]

[ 2018-01-25T14:05:32+08:00 ] 127.0.0.1 /Account/CstSign/index
INFO: [ app_init ] --START--
INFO: Run Behavior\BuildLiteBehavior [ RunTime:0.000505s ]
INFO: [ app_init ] --END-- [ RunTime:0.004911s ]
INFO: [ app_begin ] --START--
INFO: Run Behavior\ReadHtmlCacheBehavior [ RunTime:0.003185s ]
INFO: [ app_begin ] --END-- [ RunTime:0.005922s ]
SQL: SHOW COLUMNS FROM `xk_user` [ RunTime:0.0112s ]
SQL: SELECT * FROM `xk_user` WHERE `id` = 1 AND (  9933=9933 ) ORDER BY id DESC LIMIT 1   [ RunTime:0.0018s ]
SQL: SHOW COLUMNS FROM `xk_user` [ RunTime:0.0083s ]
SQL: SELECT `is_all` FROM `xk_user` WHERE ( id=1 ) LIMIT 1   [ RunTime:0.0008s ]
SQL: SHOW COLUMNS FROM `xk_fun` [ RunTime:0.0090s ]
SQL: SELECT * FROM `xk_fun` WHERE ( is_fun=1 ) ORDER BY px ASC  [ RunTime:0.0012s ]
SQL: SHOW COLUMNS FROM `xk_user` [ RunTime:0.0081s ]
SQL: SELECT `is_all` FROM `xk_user` WHERE ( id=1 ) LIMIT 1   [ RunTime:0.0009s ]
SQL: SHOW COLUMNS FROM `xk_project` [ RunTime:0.0097s ]
SQL: SELECT `id` FROM `xk_project`  [ RunTime:0.0008s ]
SQL: SHOW COLUMNS FROM `xk_kppc` [ RunTime:0.0095s ]
SQL: SELECT `id` FROM `xk_kppc`  [ RunTime:0.0008s ]
SQL: SHOW COLUMNS FROM `xk_project` [ RunTime:0.0080s ]
SQL: SHOW COLUMNS FROM `xk_company` [ RunTime:0.0101s ]
SQL: SELECT Project.id AS id,Project.name AS name,Project.cp_id AS cp_id,Project.address AS address,Project.mobile AS mobile,Project.projfzr AS projfzr,Project.createdate AS createdate,Project.status AS status,Project.wx_avatar AS wx_avatar,Project.poster_path AS poster_path,Project.app_id AS app_id,Project.app_secret AS app_secret,Project.mch_id AS mch_id,Project.api_password AS api_password,Project.wishing AS wishing,Project.act_name AS act_name,Project.remark AS remark,Project.public_key AS public_key,Project.private_key AS private_key,Project.rootca AS rootca,Company.id AS company_id,Company.name AS company_name FROM xk_project Project LEFT JOIN xk_company Company ON Project.cp_id = Company.id WHERE Project.status = 1 AND Project.id IN ('1','2','3') ORDER BY Company.id DESC,Project.id DESC LIMIT 50   [ RunTime:0.0112s ]
SQL: SHOW COLUMNS FROM `xk_user` [ RunTime:0.0280s ]
SQL: SELECT `is_all` FROM `xk_user` WHERE ( id=1 ) LIMIT 1   [ RunTime:0.0010s ]
SQL: SHOW COLUMNS FROM `xk_project` [ RunTime:0.0088s ]
SQL: SELECT `id` FROM `xk_project`  [ RunTime:0.0008s ]
SQL: SHOW COLUMNS FROM `xk_kppc` [ RunTime:0.0084s ]
SQL: SELECT `id` FROM `xk_kppc`  [ RunTime:0.0008s ]
SQL: SHOW COLUMNS FROM `xk_kppc` [ RunTime:0.0098s ]
SQL: SELECT * FROM `xk_kppc` WHERE `id` IN ('1','2','3','4') ORDER BY id ASC  [ RunTime:0.0010s ]
INFO: [ view_parse ] --START--
INFO: [ template_filter ] --START--
INFO: Run Behavior\ContentReplaceBehavior [ RunTime:0.002830s ]
INFO: [ template_filter ] --END-- [ RunTime:0.005918s ]
NOTIC: [8] Undefined variable: log_noread_count D:\project\yun_xk\Application\Runtime\Cache\Account\9bd10ec698ff284eeb8406148ca8f8c7.php 第 270 行.
NOTIC: [8] Undefined variable: seo_title D:\project\yun_xk\Application\Runtime\Cache\Account\9bd10ec698ff284eeb8406148ca8f8c7.php 第 846 行.
INFO: Run Behavior\ParseTemplateBehavior [ RunTime:0.820470s ]
INFO: [ view_parse ] --END-- [ RunTime:0.823217s ]
INFO: [ view_filter ] --START--
INFO: Run Behavior\WriteHtmlCacheBehavior [ RunTime:0.002410s ]
INFO: [ view_filter ] --END-- [ RunTime:0.006486s ]
INFO: [ app_end ] --START--
INFO: Run Behavior\ShowPageTraceBehavior [ RunTime:0.003121s ]
INFO: [ app_end ] --END-- [ RunTime:0.006165s ]

[ 2018-01-25T14:05:33+08:00 ] 127.0.0.1 /Account/CstSign/user_list.html
INFO: [ app_init ] --START--
INFO: Run Behavior\BuildLiteBehavior [ RunTime:0.001291s ]
INFO: [ app_init ] --END-- [ RunTime:0.004925s ]
INFO: [ app_begin ] --START--
INFO: Run Behavior\ReadHtmlCacheBehavior [ RunTime:0.003828s ]
INFO: [ app_begin ] --END-- [ RunTime:0.006593s ]
SQL: SHOW COLUMNS FROM `xk_user` [ RunTime:0.0094s ]
SQL: SELECT * FROM `xk_user` WHERE `id` = 1 AND (  9933=9933 ) ORDER BY id DESC LIMIT 1   [ RunTime:0.0010s ]
SQL: SHOW COLUMNS FROM `xk_user` [ RunTime:0.0206s ]
SQL: SELECT `is_all` FROM `xk_user` WHERE ( id=1 ) LIMIT 1   [ RunTime:0.0009s ]
SQL: SHOW COLUMNS FROM `xk_fun` [ RunTime:0.0167s ]
SQL: SELECT * FROM `xk_fun` WHERE ( is_fun=1 ) ORDER BY px ASC  [ RunTime:0.0011s ]
SQL: SHOW COLUMNS FROM `xk_choose` [ RunTime:0.0118s ]
SQL: SELECT COUNT(*) AS tp_count FROM `xk_choose` WHERE ( 1 = 1 AND is_sign=0 AND project_id =3   ) LIMIT 1   [ RunTime:0.0082s ]
SQL: SHOW COLUMNS FROM `xk_choose` [ RunTime:0.0091s ]
SQL: SELECT * FROM `xk_choose` WHERE ( 1 = 1 AND is_sign=0 AND project_id =3   ) LIMIT 0,10   [ RunTime:0.0011s ]
INFO: [ view_parse ] --START--
INFO: [ template_filter ] --START--
INFO: Run Behavior\ContentReplaceBehavior [ RunTime:0.002064s ]
INFO: [ template_filter ] --END-- [ RunTime:0.004334s ]
INFO: Run Behavior\ParseTemplateBehavior [ RunTime:0.173999s ]
INFO: [ view_parse ] --END-- [ RunTime:0.177181s ]
INFO: [ view_filter ] --START--
INFO: Run Behavior\WriteHtmlCacheBehavior [ RunTime:0.002134s ]
INFO: [ view_filter ] --END-- [ RunTime:0.004352s ]
INFO: [ app_end ] --START--
INFO: Run Behavior\ShowPageTraceBehavior [ RunTime:0.002377s ]
INFO: [ app_end ] --END-- [ RunTime:0.004568s ]

[ 2018-01-25T14:06:14+08:00 ] 127.0.0.1 /Account/CstSign/index
INFO: [ app_init ] --START--
INFO: Run Behavior\BuildLiteBehavior [ RunTime:0.000679s ]
INFO: [ app_init ] --END-- [ RunTime:0.007953s ]
INFO: [ app_begin ] --START--
INFO: Run Behavior\ReadHtmlCacheBehavior [ RunTime:0.002420s ]
INFO: [ app_begin ] --END-- [ RunTime:0.005509s ]
SQL: SHOW COLUMNS FROM `xk_user` [ RunTime:0.0131s ]
SQL: SELECT * FROM `xk_user` WHERE `id` = 1 AND (  9933=9933 ) ORDER BY id DESC LIMIT 1   [ RunTime:0.0010s ]
SQL: SHOW COLUMNS FROM `xk_user` [ RunTime:0.0077s ]
SQL: SELECT `is_all` FROM `xk_user` WHERE ( id=1 ) LIMIT 1   [ RunTime:0.0008s ]
SQL: SHOW COLUMNS FROM `xk_fun` [ RunTime:0.0101s ]
SQL: SELECT * FROM `xk_fun` WHERE ( is_fun=1 ) ORDER BY px ASC  [ RunTime:0.0188s ]
SQL: SHOW COLUMNS FROM `xk_user` [ RunTime:0.0087s ]
SQL: SELECT `is_all` FROM `xk_user` WHERE ( id=1 ) LIMIT 1   [ RunTime:0.0008s ]
SQL: SHOW COLUMNS FROM `xk_project` [ RunTime:0.0088s ]
SQL: SELECT `id` FROM `xk_project`  [ RunTime:0.0010s ]
SQL: SHOW COLUMNS FROM `xk_kppc` [ RunTime:0.0108s ]
SQL: SELECT `id` FROM `xk_kppc`  [ RunTime:0.0008s ]
SQL: SHOW COLUMNS FROM `xk_project` [ RunTime:0.0092s ]
SQL: SHOW COLUMNS FROM `xk_company` [ RunTime:0.0089s ]
SQL: SELECT Project.id AS id,Project.name AS name,Project.cp_id AS cp_id,Project.address AS address,Project.mobile AS mobile,Project.projfzr AS projfzr,Project.createdate AS createdate,Project.status AS status,Project.wx_avatar AS wx_avatar,Project.poster_path AS poster_path,Project.app_id AS app_id,Project.app_secret AS app_secret,Project.mch_id AS mch_id,Project.api_password AS api_password,Project.wishing AS wishing,Project.act_name AS act_name,Project.remark AS remark,Project.public_key AS public_key,Project.private_key AS private_key,Project.rootca AS rootca,Company.id AS company_id,Company.name AS company_name FROM xk_project Project LEFT JOIN xk_company Company ON Project.cp_id = Company.id WHERE Project.status = 1 AND Project.id IN ('1','2','3') ORDER BY Company.id DESC,Project.id DESC LIMIT 50   [ RunTime:0.0132s ]
SQL: SHOW COLUMNS FROM `xk_user` [ RunTime:0.0099s ]
SQL: SELECT `is_all` FROM `xk_user` WHERE ( id=1 ) LIMIT 1   [ RunTime:0.0046s ]
SQL: SHOW COLUMNS FROM `xk_project` [ RunTime:0.0073s ]
SQL: SELECT `id` FROM `xk_project`  [ RunTime:0.0008s ]
SQL: SHOW COLUMNS FROM `xk_kppc` [ RunTime:0.0064s ]
SQL: SELECT `id` FROM `xk_kppc`  [ RunTime:0.0009s ]
SQL: SHOW COLUMNS FROM `xk_kppc` [ RunTime:0.0145s ]
SQL: SELECT * FROM `xk_kppc` WHERE `id` IN ('1','2','3','4') ORDER BY id ASC  [ RunTime:0.0081s ]
INFO: [ view_parse ] --START--
INFO: [ template_filter ] --START--
INFO: Run Behavior\ContentReplaceBehavior [ RunTime:0.002837s ]
INFO: [ template_filter ] --END-- [ RunTime:0.005820s ]
NOTIC: [8] Undefined variable: log_noread_count D:\project\yun_xk\Application\Runtime\Cache\Account\9bd10ec698ff284eeb8406148ca8f8c7.php 第 270 行.
NOTIC: [8] Undefined variable: seo_title D:\project\yun_xk\Application\Runtime\Cache\Account\9bd10ec698ff284eeb8406148ca8f8c7.php 第 846 行.
INFO: Run Behavior\ParseTemplateBehavior [ RunTime:0.725533s ]
INFO: [ view_parse ] --END-- [ RunTime:0.728867s ]
INFO: [ view_filter ] --START--
INFO: Run Behavior\WriteHtmlCacheBehavior [ RunTime:0.002111s ]
INFO: [ view_filter ] --END-- [ RunTime:0.005222s ]
INFO: [ app_end ] --START--
INFO: Run Behavior\ShowPageTraceBehavior [ RunTime:0.002669s ]
INFO: [ app_end ] --END-- [ RunTime:0.005861s ]

[ 2018-01-25T14:06:16+08:00 ] 127.0.0.1 /Account/CstSign/user_list.html
INFO: [ app_init ] --START--
INFO: Run Behavior\BuildLiteBehavior [ RunTime:0.000509s ]
INFO: [ app_init ] --END-- [ RunTime:0.004392s ]
INFO: [ app_begin ] --START--
INFO: Run Behavior\ReadHtmlCacheBehavior [ RunTime:0.003895s ]
INFO: [ app_begin ] --END-- [ RunTime:0.006181s ]
SQL: SHOW COLUMNS FROM `xk_user` [ RunTime:0.0128s ]
SQL: SELECT * FROM `xk_user` WHERE `id` = 1 AND (  9933=9933 ) ORDER BY id DESC LIMIT 1   [ RunTime:0.0010s ]
SQL: SHOW COLUMNS FROM `xk_user` [ RunTime:0.0161s ]
SQL: SELECT `is_all` FROM `xk_user` WHERE ( id=1 ) LIMIT 1   [ RunTime:0.0009s ]
SQL: SHOW COLUMNS FROM `xk_fun` [ RunTime:0.0999s ]
SQL: SELECT * FROM `xk_fun` WHERE ( is_fun=1 ) ORDER BY px ASC  [ RunTime:0.0015s ]
SQL: SHOW COLUMNS FROM `xk_choose` [ RunTime:0.0114s ]
SQL: SELECT COUNT(*) AS tp_count FROM `xk_choose` WHERE ( 1 = 1 AND is_sign=0 AND project_id =3   ) LIMIT 1   [ RunTime:0.0010s ]
SQL: SHOW COLUMNS FROM `xk_choose` [ RunTime:0.0098s ]
SQL: SELECT * FROM `xk_choose` WHERE ( 1 = 1 AND is_sign=0 AND project_id =3   ) LIMIT 0,10   [ RunTime:0.0011s ]
INFO: [ view_parse ] --START--
INFO: [ template_filter ] --START--
INFO: Run Behavior\ContentReplaceBehavior [ RunTime:0.001943s ]
INFO: [ template_filter ] --END-- [ RunTime:0.004212s ]
INFO: Run Behavior\ParseTemplateBehavior [ RunTime:0.232614s ]
INFO: [ view_parse ] --END-- [ RunTime:0.235107s ]
INFO: [ view_filter ] --START--
INFO: Run Behavior\WriteHtmlCacheBehavior [ RunTime:0.003777s ]
INFO: [ view_filter ] --END-- [ RunTime:0.005989s ]
INFO: [ app_end ] --START--
INFO: Run Behavior\ShowPageTraceBehavior [ RunTime:0.002174s ]
INFO: [ app_end ] --END-- [ RunTime:0.005048s ]

[ 2018-01-25T14:06:39+08:00 ] 127.0.0.1 /Account/CstSign/index
INFO: [ app_init ] --START--
INFO: Run Behavior\BuildLiteBehavior [ RunTime:0.000483s ]
INFO: [ app_init ] --END-- [ RunTime:0.004203s ]
INFO: [ app_begin ] --START--
INFO: Run Behavior\ReadHtmlCacheBehavior [ RunTime:0.003419s ]
INFO: [ app_begin ] --END-- [ RunTime:0.007521s ]
SQL: SHOW COLUMNS FROM `xk_user` [ RunTime:0.0112s ]
SQL: SELECT * FROM `xk_user` WHERE `id` = 1 AND (  9933=9933 ) ORDER BY id DESC LIMIT 1   [ RunTime:0.0009s ]
SQL: SHOW COLUMNS FROM `xk_user` [ RunTime:0.0085s ]
SQL: SELECT `is_all` FROM `xk_user` WHERE ( id=1 ) LIMIT 1   [ RunTime:0.0016s ]
SQL: SHOW COLUMNS FROM `xk_fun` [ RunTime:0.0083s ]
SQL: SELECT * FROM `xk_fun` WHERE ( is_fun=1 ) ORDER BY px ASC  [ RunTime:0.0011s ]
SQL: SHOW COLUMNS FROM `xk_user` [ RunTime:0.0081s ]
SQL: SELECT `is_all` FROM `xk_user` WHERE ( id=1 ) LIMIT 1   [ RunTime:0.0011s ]
SQL: SHOW COLUMNS FROM `xk_project` [ RunTime:0.0133s ]
SQL: SELECT `id` FROM `xk_project`  [ RunTime:0.0008s ]
SQL: SHOW COLUMNS FROM `xk_kppc` [ RunTime:0.0104s ]
SQL: SELECT `id` FROM `xk_kppc`  [ RunTime:0.0009s ]
SQL: SHOW COLUMNS FROM `xk_project` [ RunTime:0.0090s ]
SQL: SHOW COLUMNS FROM `xk_company` [ RunTime:0.0081s ]
SQL: SELECT Project.id AS id,Project.name AS name,Project.cp_id AS cp_id,Project.address AS address,Project.mobile AS mobile,Project.projfzr AS projfzr,Project.createdate AS createdate,Project.status AS status,Project.wx_avatar AS wx_avatar,Project.poster_path AS poster_path,Project.app_id AS app_id,Project.app_secret AS app_secret,Project.mch_id AS mch_id,Project.api_password AS api_password,Project.wishing AS wishing,Project.act_name AS act_name,Project.remark AS remark,Project.public_key AS public_key,Project.private_key AS private_key,Project.rootca AS rootca,Company.id AS company_id,Company.name AS company_name FROM xk_project Project LEFT JOIN xk_company Company ON Project.cp_id = Company.id WHERE Project.status = 1 AND Project.id IN ('1','2','3') ORDER BY Company.id DESC,Project.id DESC LIMIT 50   [ RunTime:0.0099s ]
SQL: SHOW COLUMNS FROM `xk_user` [ RunTime:0.0062s ]
SQL: SELECT `is_all` FROM `xk_user` WHERE ( id=1 ) LIMIT 1   [ RunTime:0.0015s ]
SQL: SHOW COLUMNS FROM `xk_project` [ RunTime:0.0063s ]
SQL: SELECT `id` FROM `xk_project`  [ RunTime:0.0008s ]
SQL: SHOW COLUMNS FROM `xk_kppc` [ RunTime:0.0089s ]
SQL: SELECT `id` FROM `xk_kppc`  [ RunTime:0.0008s ]
SQL: SHOW COLUMNS FROM `xk_kppc` [ RunTime:0.0065s ]
SQL: SELECT * FROM `xk_kppc` WHERE `id` IN ('1','2','3','4') ORDER BY id ASC  [ RunTime:0.0010s ]
INFO: [ view_parse ] --START--
INFO: [ template_filter ] --START--
INFO: Run Behavior\ContentReplaceBehavior [ RunTime:0.002308s ]
INFO: [ template_filter ] --END-- [ RunTime:0.005192s ]
NOTIC: [8] Undefined variable: log_noread_count D:\project\yun_xk\Application\Runtime\Cache\Account\9bd10ec698ff284eeb8406148ca8f8c7.php 第 270 行.
NOTIC: [8] Undefined variable: seo_title D:\project\yun_xk\Application\Runtime\Cache\Account\9bd10ec698ff284eeb8406148ca8f8c7.php 第 846 行.
INFO: Run Behavior\ParseTemplateBehavior [ RunTime:0.639170s ]
INFO: [ view_parse ] --END-- [ RunTime:0.642144s ]
INFO: [ view_filter ] --START--
INFO: Run Behavior\WriteHtmlCacheBehavior [ RunTime:0.002825s ]
INFO: [ view_filter ] --END-- [ RunTime:0.005616s ]
INFO: [ app_end ] --START--
INFO: Run Behavior\ShowPageTraceBehavior [ RunTime:0.002851s ]
INFO: [ app_end ] --END-- [ RunTime:0.006081s ]

[ 2018-01-25T14:06:41+08:00 ] 127.0.0.1 /Account/CstSign/user_list.html
INFO: [ app_init ] --START--
INFO: Run Behavior\BuildLiteBehavior [ RunTime:0.000562s ]
INFO: [ app_init ] --END-- [ RunTime:0.004274s ]
INFO: [ app_begin ] --START--
INFO: Run Behavior\ReadHtmlCacheBehavior [ RunTime:0.010652s ]
INFO: [ app_begin ] --END-- [ RunTime:0.015187s ]
SQL: SHOW COLUMNS FROM `xk_user` [ RunTime:0.0385s ]
SQL: SELECT * FROM `xk_user` WHERE `id` = 1 AND (  9933=9933 ) ORDER BY id DESC LIMIT 1   [ RunTime:0.0010s ]
SQL: SHOW COLUMNS FROM `xk_user` [ RunTime:0.0112s ]
SQL: SELECT `is_all` FROM `xk_user` WHERE ( id=1 ) LIMIT 1   [ RunTime:0.0013s ]
SQL: SHOW COLUMNS FROM `xk_fun` [ RunTime:0.0101s ]
SQL: SELECT * FROM `xk_fun` WHERE ( is_fun=1 ) ORDER BY px ASC  [ RunTime:0.0012s ]
SQL: SHOW COLUMNS FROM `xk_choose` [ RunTime:0.0096s ]
SQL: SELECT COUNT(*) AS tp_count FROM `xk_choose` WHERE ( 1 = 1 AND is_sign=0 AND project_id =3   ) LIMIT 1   [ RunTime:0.0013s ]
SQL: SHOW COLUMNS FROM `xk_choose` [ RunTime:0.2433s ]
SQL: SELECT * FROM `xk_choose` WHERE ( 1 = 1 AND is_sign=0 AND project_id =3   ) LIMIT 0,10   [ RunTime:0.0011s ]
INFO: [ view_parse ] --START--
INFO: [ template_filter ] --START--
INFO: Run Behavior\ContentReplaceBehavior [ RunTime:0.002854s ]
INFO: [ template_filter ] --END-- [ RunTime:0.005321s ]
INFO: Run Behavior\ParseTemplateBehavior [ RunTime:0.212814s ]
INFO: [ view_parse ] --END-- [ RunTime:0.215293s ]
INFO: [ view_filter ] --START--
INFO: Run Behavior\WriteHtmlCacheBehavior [ RunTime:0.002820s ]
INFO: [ view_filter ] --END-- [ RunTime:0.004970s ]
INFO: [ app_end ] --START--
INFO: Run Behavior\ShowPageTraceBehavior [ RunTime:0.001905s ]
INFO: [ app_end ] --END-- [ RunTime:0.004096s ]

